TN:
SF:script/Deploy.s.sol
DA:15,0
FN:15,Deploy.run
FNDA:0,Deploy.run
DA:16,0
DA:18,0
DA:20,0
FNF:1
FNH:0
LF:4
LH:0
BRF:0
BRH:0
end_of_record
TN:
SF:src/PaymentEscrow.sol
DA:93,30
FN:93,PaymentEscrow.constructor
FNDA:30,PaymentEscrow.constructor
DA:94,30
DA:98,1829
FN:98,PaymentEscrow.onlyOperator
FNDA:1829,PaymentEscrow.onlyOperator
DA:99,1829
DA:100,1829
DA:101,1829
BRDA:101,0,0,-
DA:106,1299
FN:106,PaymentEscrow.nonZeroValue
FNDA:1299,PaymentEscrow.nonZeroValue
DA:107,1299
BRDA:107,1,0,-
DA:118,1829
FN:118,PaymentEscrow.charge
FNDA:1829,PaymentEscrow.charge
DA:123,1829
DA:124,1829
DA:127,1829
DA:130,1829
DA:131,1567
DA:134,1305
DA:135,1305
DA:138,1305
DA:139,1305
BRDA:139,2,0,519
DA:140,519
DA:144,1305
DA:147,1829
FN:147,PaymentEscrow._validateChargeInputs
FNDA:1829,PaymentEscrow._validateChargeInputs
DA:148,1829
BRDA:148,3,0,262
DA:149,262
DA:151,1567
DA:154,1305
FN:154,PaymentEscrow._handleChargeFeesAndTransfer
FNDA:1305,PaymentEscrow._handleChargeFeesAndTransfer
DA:155,1305
DA:156,1305
DA:158,1305
BRDA:158,4,0,1227
DA:159,1305
BRDA:159,5,0,1305
DA:166,3652
FN:166,PaymentEscrow.confirmAuthorization
FNDA:3652,PaymentEscrow.confirmAuthorization
DA:171,3652
DA:172,3652
DA:174,3652
BRDA:174,6,0,261
DA:175,261
DA:178,3391
DA:180,3391
DA:183,3391
DA:186,2868
DA:187,2868
DA:190,2868
DA:196,1835
FN:196,PaymentEscrow.voidAuthorization
FNDA:1835,PaymentEscrow.voidAuthorization
DA:197,1835
DA:198,1835
DA:201,1835
BRDA:201,7,0,1
DA:202,1
DA:205,1834
DA:208,1834
DA:209,1834
DA:212,1834
DA:213,1834
DA:215,525
DA:216,525
DA:217,525
DA:218,525
DA:225,2085
FN:225,PaymentEscrow.captureAuthorization
FNDA:2085,PaymentEscrow.captureAuthorization
DA:230,2084
DA:231,2084
DA:232,2084
DA:235,2084
DA:236,2084
BRDA:236,9,0,262
DA:239,1822
DA:240,1822
DA:241,1822
DA:244,1822
DA:245,1822
DA:248,1822
BRDA:248,10,0,1753
DA:251,1822
BRDA:251,11,0,1822
DA:258,1299
FN:258,PaymentEscrow.refund
FNDA:1299,PaymentEscrow.refund
DA:259,1299
DA:260,1299
DA:263,1299
BRDA:263,12,0,1
DA:264,1
DA:268,1298
DA:269,1298
DA:270,1298
BRDA:270,13,0,521
DA:272,777
DA:273,777
DA:276,777
DA:284,4958
FN:284,PaymentEscrow._executeReceiveWithAuth
FNDA:4958,PaymentEscrow._executeReceiveWithAuth
DA:291,785
BRDA:291,14,0,785
DA:292,785
DA:295,4173
DA:296,4173
BRDA:296,15,0,262
DA:298,262
DA:300,262
DA:303,4173
DA:311,4958
FN:311,PaymentEscrow._validateFees
FNDA:4958,PaymentEscrow._validateFees
DA:312,4958
BRDA:312,16,0,-
DA:313,4958
BRDA:313,17,0,-
DA:317,2868
FN:317,PaymentEscrow._refundExtraAuthorizedAmount
FNDA:2868,PaymentEscrow._refundExtraAuthorizedAmount
DA:321,2868
DA:324,2868
BRDA:324,18,0,258
DA:325,258
DA:333,7409
FN:333,PaymentEscrow._transfer
FNDA:7409,PaymentEscrow._transfer
DA:334,7409
FNF:14
FNH:14
LF:95
LH:95
BRF:18
BRH:14
end_of_record
TN:
SF:test/base/PaymentEscrowBase.sol
DA:22,30
FN:22,PaymentEscrowBase.setUp
FNDA:30,PaymentEscrowBase.setUp
DA:23,30
DA:24,30
DA:25,30
DA:27,30
DA:28,30
DA:29,30
DA:30,30
DA:32,30
DA:35,4695
FN:35,PaymentEscrowBase._signERC3009
FNDA:4695,PaymentEscrowBase._signERC3009
DA:44,4695
DA:50,4695
DA:52,4695
DA:53,4695
FNF:2
FNH:2
LF:14
LH:14
BRF:0
BRH:0
end_of_record
TN:
SF:test/base/PaymentEscrowSmartWalletBase.sol
DA:25,2
FN:25,PaymentEscrowSmartWalletBase.setUp
FNDA:2,PaymentEscrowSmartWalletBase.setUp
DA:26,2
DA:29,2
DA:30,2
DA:33,2
DA:34,2
DA:35,2
DA:36,2
DA:39,2
DA:40,2
DA:41,2
DA:42,2
DA:45,2
DA:46,2
DA:49,524
FN:49,PaymentEscrowSmartWalletBase._sign
FNDA:524,PaymentEscrowSmartWalletBase._sign
DA:50,524
DA:51,524
DA:54,524
FN:54,PaymentEscrowSmartWalletBase._signSmartWalletERC3009
FNDA:524,PaymentEscrowSmartWalletBase._signSmartWalletERC3009
DA:64,524
DA:85,524
DA:88,524
DA:98,524
DA:99,524
DA:101,524
DA:102,524
DA:105,524
FN:105,PaymentEscrowSmartWalletBase._getERC3009Digest
FNDA:524,PaymentEscrowSmartWalletBase._getERC3009Digest
DA:113,524
DA:118,524
DA:121,0
FN:121,PaymentEscrowSmartWalletBase._createSmartWalletPaymentDetails
FNDA:0,PaymentEscrowSmartWalletBase._createSmartWalletPaymentDetails
DA:126,0
DA:141,0
DA:144,262
FN:144,PaymentEscrowSmartWalletBase._signSmartWalletERC3009WithERC6492
FNDA:262,PaymentEscrowSmartWalletBase._signSmartWalletERC3009WithERC6492
DA:154,262
DA:157,262
DA:158,262
DA:159,262
DA:160,262
DA:163,262
DA:164,262
FNF:6
FNH:5
LF:39
LH:36
BRF:0
BRH:0
end_of_record
TN:
SF:test/mocks/MockERC3009Token.sol
DA:19,30
FN:19,MockERC3009Token.constructor
FNDA:30,MockERC3009Token.constructor
DA:20,30
DA:21,30
DA:22,30
DA:25,0
FN:25,MockERC3009Token.name
FNDA:0,MockERC3009Token.name
DA:26,0
DA:29,0
FN:29,MockERC3009Token.symbol
FNDA:0,MockERC3009Token.symbol
DA:30,0
DA:33,0
FN:33,MockERC3009Token.decimals
FNDA:0,MockERC3009Token.decimals
DA:34,0
DA:39,4173
FN:39,MockERC3009Token.receiveWithAuthorization
FNDA:4173,MockERC3009Token.receiveWithAuthorization
DA:48,4173
BRDA:48,0,0,-
BRDA:48,0,1,4173
DA:49,4173
BRDA:49,1,0,-
BRDA:49,1,1,4173
DA:50,4173
BRDA:50,2,0,-
BRDA:50,2,1,4173
DA:51,4173
BRDA:51,3,0,-
BRDA:51,3,1,4173
DA:53,4173
DA:54,4173
DA:56,4173
DA:58,4173
BRDA:58,4,0,-
BRDA:58,4,1,4173
DA:60,4173
DA:61,4173
DA:62,4173
DA:65,1072
FN:65,MockERC3009Token.mint
FNDA:1072,MockERC3009Token.mint
DA:66,1072
DA:69,0
FN:69,MockERC3009Token.authorizationState
FNDA:0,MockERC3009Token.authorizationState
DA:70,0
DA:74,9392
FN:74,MockERC3009Token._constantNameHash
FNDA:9392,MockERC3009Token._constantNameHash
DA:75,9392
DA:78,0
FN:78,MockERC3009Token._constantVersionHash
FNDA:0,MockERC3009Token._constantVersionHash
DA:79,0
FNF:9
FNH:4
LF:30
LH:20
BRF:10
BRH:5
end_of_record
